<?xml version="1.0" encoding="UTF-8"?>
<!-- Generated by org.testng.reporters.JUnitXMLReporter -->
<testsuite ignored="0" hostname="LAPTOP-3M9159SC" failures="0" tests="10" name="Test" time="3.71" errors="0" timestamp="2024-04-04T11:10:37 IST">
  <testcase classname="Testng.Expriority" name="addEmployee" time="0.01"/>
  <testcase classname="Testng.ExAnnotations" name="my1stTestng" time="0.004"/>
  <testcase classname="Testng.Expriority" name="EditEmployee" time="0.004"/>
  <testcase classname="Testng.ExGrouping" name="DeleteEmployee" time="0.009"/>
  <testcase classname="Testng.Expriority" name="DeleteEmployee" time="0.001"/>
  <testcase classname="Testng.ExGrouping" name="EditEmployee" time="0.0"/>
  <testcase classname="Testng.ExGrouping" name="addEmployee" time="0.001"/>
  <testcase classname="Testng.ExGrouping" name="addJobTitle" time="0.001"/>
  <testcase classname="Testng.ExGrouping" name="addadmin" time="0.001"/>
  <testcase classname="Testng.OrangeTravels" name="Travels" time="3.674"/>
</testsuite> <!-- Test -->
